  Application.cpp
  Logger.cpp
  main.cpp
  MouseHook.cpp
  KeyboardHook.cpp
  ShortcutManager.cpp
  GlassWindow.cpp
  ShadowWindow.cpp
  PopupWindow.cpp
  TrayMenuWindow.cpp
  ToastWindow.cpp
  ConfigWindow.cpp
  CategoryList.cpp
  ContextMenu.cpp
  ShortcutPage.cpp
  SettingsPage.cpp
  DropDownMenu.cpp
  PromptWindow.cpp
  ConfirmWindow.cpp
  WaitWindow.cpp
  正在生成代码...
  正在编译...
  ShortcutDialog.cpp
  ShortcutEditForm.cpp
  HotkeyDialog.cpp
  HotkeyEditForm.cpp
  UrlDialog.cpp
  UrlEditForm.cpp
  CommandDialog.cpp
  CommandEditForm.cpp
  BuiltinIconDialog.cpp
  SystemIconDialog.cpp
  SystemIconEditForm.cpp
  TextBox.cpp
  FolderWatcher.cpp
  FaviconFetcher.cpp
  SyncFolderService.cpp
  PrivilegeLaunchService.cpp
  EnvironmentDetector.cpp
  FileSelectionService.cpp
  MacroService.cpp
  BatchLaunchService.cpp
  正在生成代码...
  正在编译...
  UpdateService.cpp
  MacroDialog.cpp
  MacroEditForm.cpp
  BatchLaunchDialog.cpp
  BatchLaunchEditForm.cpp
  正在生成代码...
  WinLauncher.vcxproj -> C:\Users\Administrator\Desktop\WinLauncher\x64\Debug\WinLauncher.exe
