c:\users\administrator\desktop\winlauncher\winlauncher\x64\debug\vc143.pdb
c:\users\administrator\desktop\winlauncher\winlauncher\x64\debug\vc143.idb
c:\users\administrator\desktop\winlauncher\winlauncher\x64\debug\waitwindow.obj
c:\users\administrator\desktop\winlauncher\winlauncher\x64\debug\confirmwindow.obj
c:\users\administrator\desktop\winlauncher\winlauncher\x64\debug\promptwindow.obj
c:\users\administrator\desktop\winlauncher\winlauncher\x64\debug\dropdownmenu.obj
c:\users\administrator\desktop\winlauncher\winlauncher\x64\debug\settingspage.obj
c:\users\administrator\desktop\winlauncher\winlauncher\x64\debug\shortcutpage.obj
c:\users\administrator\desktop\winlauncher\winlauncher\x64\debug\contextmenu.obj
c:\users\administrator\desktop\winlauncher\winlauncher\x64\debug\categorylist.obj
c:\users\administrator\desktop\winlauncher\winlauncher\x64\debug\configwindow.obj
c:\users\administrator\desktop\winlauncher\winlauncher\x64\debug\toastwindow.obj
c:\users\administrator\desktop\winlauncher\winlauncher\x64\debug\traymenuwindow.obj
c:\users\administrator\desktop\winlauncher\winlauncher\x64\debug\popupwindow.obj
c:\users\administrator\desktop\winlauncher\winlauncher\x64\debug\shadowwindow.obj
c:\users\administrator\desktop\winlauncher\winlauncher\x64\debug\glasswindow.obj
c:\users\administrator\desktop\winlauncher\winlauncher\x64\debug\shortcutmanager.obj
c:\users\administrator\desktop\winlauncher\winlauncher\x64\debug\keyboardhook.obj
c:\users\administrator\desktop\winlauncher\winlauncher\x64\debug\mousehook.obj
c:\users\administrator\desktop\winlauncher\winlauncher\x64\debug\main.obj
c:\users\administrator\desktop\winlauncher\winlauncher\x64\debug\logger.obj
c:\users\administrator\desktop\winlauncher\winlauncher\x64\debug\application.obj
c:\users\administrator\desktop\winlauncher\winlauncher\x64\debug\batchlaunchservice.obj
c:\users\administrator\desktop\winlauncher\winlauncher\x64\debug\macroservice.obj
c:\users\administrator\desktop\winlauncher\winlauncher\x64\debug\fileselectionservice.obj
c:\users\administrator\desktop\winlauncher\winlauncher\x64\debug\environmentdetector.obj
c:\users\administrator\desktop\winlauncher\winlauncher\x64\debug\privilegelaunchservice.obj
c:\users\administrator\desktop\winlauncher\winlauncher\x64\debug\syncfolderservice.obj
c:\users\administrator\desktop\winlauncher\winlauncher\x64\debug\faviconfetcher.obj
c:\users\administrator\desktop\winlauncher\winlauncher\x64\debug\folderwatcher.obj
c:\users\administrator\desktop\winlauncher\winlauncher\x64\debug\textbox.obj
c:\users\administrator\desktop\winlauncher\winlauncher\x64\debug\systemiconeditform.obj
c:\users\administrator\desktop\winlauncher\winlauncher\x64\debug\systemicondialog.obj
c:\users\administrator\desktop\winlauncher\winlauncher\x64\debug\builtinicondialog.obj
c:\users\administrator\desktop\winlauncher\winlauncher\x64\debug\commandeditform.obj
c:\users\administrator\desktop\winlauncher\winlauncher\x64\debug\commanddialog.obj
c:\users\administrator\desktop\winlauncher\winlauncher\x64\debug\urleditform.obj
c:\users\administrator\desktop\winlauncher\winlauncher\x64\debug\urldialog.obj
c:\users\administrator\desktop\winlauncher\winlauncher\x64\debug\hotkeyeditform.obj
c:\users\administrator\desktop\winlauncher\winlauncher\x64\debug\hotkeydialog.obj
c:\users\administrator\desktop\winlauncher\winlauncher\x64\debug\shortcuteditform.obj
c:\users\administrator\desktop\winlauncher\winlauncher\x64\debug\shortcutdialog.obj
c:\users\administrator\desktop\winlauncher\winlauncher\x64\debug\batchlauncheditform.obj
c:\users\administrator\desktop\winlauncher\winlauncher\x64\debug\batchlaunchdialog.obj
c:\users\administrator\desktop\winlauncher\winlauncher\x64\debug\macroeditform.obj
c:\users\administrator\desktop\winlauncher\winlauncher\x64\debug\macrodialog.obj
c:\users\administrator\desktop\winlauncher\winlauncher\x64\debug\updateservice.obj
c:\users\administrator\desktop\winlauncher\x64\debug\winlauncher.exe
c:\users\administrator\desktop\winlauncher\x64\debug\winlauncher.pdb
c:\users\administrator\desktop\winlauncher\winlauncher\x64\debug\resource.res
c:\users\administrator\desktop\winlauncher\winlauncher\x64\debug\winlauncher.exe.embed.manifest.res
c:\users\administrator\desktop\winlauncher\winlauncher\x64\debug\winlauncher.ilk
c:\users\administrator\desktop\winlauncher\winlauncher\x64\debug\winlauncher.exe.embed.manifest
c:\users\administrator\desktop\winlauncher\winlauncher\x64\debug\winlauncher_manifest.rc
c:\users\administrator\desktop\winlauncher\winlauncher\x64\debug\winlauncher.tlog\cl.command.1.tlog
c:\users\administrator\desktop\winlauncher\winlauncher\x64\debug\winlauncher.tlog\cl.items.tlog
c:\users\administrator\desktop\winlauncher\winlauncher\x64\debug\winlauncher.tlog\cl.read.1.tlog
c:\users\administrator\desktop\winlauncher\winlauncher\x64\debug\winlauncher.tlog\cl.write.1.tlog
c:\users\administrator\desktop\winlauncher\winlauncher\x64\debug\winlauncher.tlog\link.command.1.tlog
c:\users\administrator\desktop\winlauncher\winlauncher\x64\debug\winlauncher.tlog\link.read.1.tlog
c:\users\administrator\desktop\winlauncher\winlauncher\x64\debug\winlauncher.tlog\link.secondary.1.tlog
c:\users\administrator\desktop\winlauncher\winlauncher\x64\debug\winlauncher.tlog\link.write.1.tlog
c:\users\administrator\desktop\winlauncher\winlauncher\x64\debug\winlauncher.tlog\rc.command.1.tlog
c:\users\administrator\desktop\winlauncher\winlauncher\x64\debug\winlauncher.tlog\rc.read.1.tlog
c:\users\administrator\desktop\winlauncher\winlauncher\x64\debug\winlauncher.tlog\rc.write.1.tlog
