c:\users\administrator\desktop\winlauncher\winlauncher\winlauncher\x64\release\vc143.pdb
c:\users\administrator\desktop\winlauncher\winlauncher\winlauncher\x64\release\shortcuteditform.obj
c:\users\administrator\desktop\winlauncher\winlauncher\winlauncher\x64\release\shortcutdialog.obj
c:\users\administrator\desktop\winlauncher\winlauncher\winlauncher\x64\release\waitwindow.obj
c:\users\administrator\desktop\winlauncher\winlauncher\winlauncher\x64\release\confirmwindow.obj
c:\users\administrator\desktop\winlauncher\winlauncher\winlauncher\x64\release\promptwindow.obj
c:\users\administrator\desktop\winlauncher\winlauncher\winlauncher\x64\release\dropdownmenu.obj
c:\users\administrator\desktop\winlauncher\winlauncher\winlauncher\x64\release\settingspage.obj
c:\users\administrator\desktop\winlauncher\winlauncher\winlauncher\x64\release\shortcutpage.obj
c:\users\administrator\desktop\winlauncher\winlauncher\winlauncher\x64\release\contextmenu.obj
c:\users\administrator\desktop\winlauncher\winlauncher\winlauncher\x64\release\categorylist.obj
c:\users\administrator\desktop\winlauncher\winlauncher\winlauncher\x64\release\configwindow.obj
c:\users\administrator\desktop\winlauncher\winlauncher\winlauncher\x64\release\traymenuwindow.obj
c:\users\administrator\desktop\winlauncher\winlauncher\winlauncher\x64\release\popupwindow.obj
c:\users\administrator\desktop\winlauncher\winlauncher\winlauncher\x64\release\glasswindow.obj
c:\users\administrator\desktop\winlauncher\winlauncher\winlauncher\x64\release\shortcutmanager.obj
c:\users\administrator\desktop\winlauncher\winlauncher\winlauncher\x64\release\keyboardhook.obj
c:\users\administrator\desktop\winlauncher\winlauncher\winlauncher\x64\release\mousehook.obj
c:\users\administrator\desktop\winlauncher\winlauncher\winlauncher\x64\release\main.obj
c:\users\administrator\desktop\winlauncher\winlauncher\winlauncher\x64\release\logger.obj
c:\users\administrator\desktop\winlauncher\winlauncher\winlauncher\x64\release\application.obj
c:\users\administrator\desktop\winlauncher\winlauncher\winlauncher\x64\release\privilegelaunchservice.obj
c:\users\administrator\desktop\winlauncher\winlauncher\winlauncher\x64\release\syncfolderservice.obj
c:\users\administrator\desktop\winlauncher\winlauncher\winlauncher\x64\release\faviconfetcher.obj
c:\users\administrator\desktop\winlauncher\winlauncher\winlauncher\x64\release\folderwatcher.obj
c:\users\administrator\desktop\winlauncher\winlauncher\winlauncher\x64\release\textbox.obj
c:\users\administrator\desktop\winlauncher\winlauncher\winlauncher\x64\release\commandeditform.obj
c:\users\administrator\desktop\winlauncher\winlauncher\winlauncher\x64\release\commanddialog.obj
c:\users\administrator\desktop\winlauncher\winlauncher\winlauncher\x64\release\urleditform.obj
c:\users\administrator\desktop\winlauncher\winlauncher\winlauncher\x64\release\urldialog.obj
c:\users\administrator\desktop\winlauncher\winlauncher\winlauncher\x64\release\hotkeyeditform.obj
c:\users\administrator\desktop\winlauncher\winlauncher\winlauncher\x64\release\hotkeydialog.obj
c:\users\administrator\desktop\winlauncher\winlauncher\x64\release\winlauncher.exe
c:\users\administrator\desktop\winlauncher\winlauncher\x64\release\winlauncher.pdb
c:\users\administrator\desktop\winlauncher\winlauncher\winlauncher\x64\release\resource.res
c:\users\administrator\desktop\winlauncher\winlauncher\winlauncher\x64\release\winlauncher.ipdb
c:\users\administrator\desktop\winlauncher\winlauncher\winlauncher\x64\release\winlauncher.iobj
c:\users\administrator\desktop\winlauncher\winlauncher\winlauncher\x64\release\winlauncher.tlog\cl.command.1.tlog
c:\users\administrator\desktop\winlauncher\winlauncher\winlauncher\x64\release\winlauncher.tlog\cl.items.tlog
c:\users\administrator\desktop\winlauncher\winlauncher\winlauncher\x64\release\winlauncher.tlog\cl.read.1.tlog
c:\users\administrator\desktop\winlauncher\winlauncher\winlauncher\x64\release\winlauncher.tlog\cl.write.1.tlog
c:\users\administrator\desktop\winlauncher\winlauncher\winlauncher\x64\release\winlauncher.tlog\link.command.1.tlog
c:\users\administrator\desktop\winlauncher\winlauncher\winlauncher\x64\release\winlauncher.tlog\link.read.1.tlog
c:\users\administrator\desktop\winlauncher\winlauncher\winlauncher\x64\release\winlauncher.tlog\link.secondary.1.tlog
c:\users\administrator\desktop\winlauncher\winlauncher\winlauncher\x64\release\winlauncher.tlog\link.write.1.tlog
c:\users\administrator\desktop\winlauncher\winlauncher\winlauncher\x64\release\winlauncher.tlog\rc.command.1.tlog
c:\users\administrator\desktop\winlauncher\winlauncher\winlauncher\x64\release\winlauncher.tlog\rc.read.1.tlog
c:\users\administrator\desktop\winlauncher\winlauncher\winlauncher\x64\release\winlauncher.tlog\rc.write.1.tlog
